<?xml version="1.0" encoding="UTF-8"?>
<!-- Generated by org.testng.reporters.JUnitXMLReporter -->
<testsuite hostname="LAPTOP-E9DP2LG2" ignored="0" name="Default test" tests="7" failures="0" timestamp="10 Jun 2019 03:09:54 GMT" time="17.425" errors="0">
  <testcase name="login" time="3.648" classname="com.class04.WebOrderTask"/>
  <testcase name="creatingAndVerifyingUsers" time="3.986" classname="com.class04.WebOrderTask"/>
  <testcase name="creatingAndVerifyingUsers" time="3.652" classname="com.class04.WebOrderTask"/>
  <testcase name="verifyAndUpdateUserOne" time="0.546" classname="com.class04.WebOrderTask"/>
  <testcase name="verifyAndUpdateUserTwo" time="0.638" classname="com.class04.WebOrderTask"/>
  <testcase name="verifyUserOne" time="0.562" classname="com.class04.WebOrderTask"/>
  <testcase name="verifyUserTwo" time="0.219" classname="com.class04.WebOrderTask"/>
</testsuite> <!-- Default test -->
