<?xml version="1.0" encoding="UTF-8"?>
<!-- Generated by org.testng.reporters.JUnitXMLReporter -->
<testsuite hostname="LAPTOP-E9DP2LG2" ignored="0" name="groupTest" tests="4" failures="0" timestamp="06 Jun 2019 02:13:47 GMT" time="0.03" errors="0">
  <testcase name="Four" time="0.008" classname="com.class03.GroupsExample"/>
  <testcase name="Three" time="0.001" classname="com.class03.GroupsExample"/>
  <testcase name="Two" time="0.001" classname="com.class03.GroupsExample"/>
  <testcase name="one" time="0.0" classname="com.class03.GroupsExample"/>
</testsuite> <!-- groupTest -->
