<?xml version="1.0" encoding="UTF-8"?>
<!-- Generated by org.testng.reporters.JUnitXMLReporter -->
<testsuite hostname="LAPTOP-E9DP2LG2" ignored="2" name="Multi Group Test" tests="1" failures="0" timestamp="06 Jun 2019 19:14:11 GMT" time="0.021" errors="0">
  <testcase name="testMethodOne" time="0.007" classname="com.class03.MultiGroupExample"/>
  <testcase name="testMethodTwo" time="0.0" classname="com.class03.MultiGroupExample">
    <ignored/>
  </testcase> <!-- testMethodTwo -->
  <testcase name="testMethodThree" time="0.0" classname="com.class03.MultiGroupExample">
    <ignored/>
  </testcase> <!-- testMethodThree -->
</testsuite> <!-- Multi Group Test -->
