<?xml version="1.0" encoding="UTF-8"?>
<!-- Generated by org.testng.reporters.JUnitXMLReporter -->
<testsuite hostname="LAPTOP-E9DP2LG2" ignored="0" name="Test1" tests="6" failures="0" timestamp="05 Jun 2019 23:38:23 GMT" time="0.056" errors="0">
  <testcase name="testOneFromBasic1" time="0.009" classname="com.class03.BasicXMLPartOne"/>
  <testcase name="testSecondFromBasic1" time="0.001" classname="com.class03.BasicXMLPartOne"/>
  <testcase name="testThirdFromBasic1" time="0.001" classname="com.class03.BasicXMLPartOne"/>
  <testcase name="testOneFromBasic2" time="0.002" classname="com.class03.BasicXMLPartTwo"/>
  <testcase name="testThreeFromBasic2" time="0.002" classname="com.class03.BasicXMLPartTwo"/>
  <testcase name="testTwoFromBasic2" time="0.001" classname="com.class03.BasicXMLPartTwo"/>
</testsuite> <!-- Test1 -->
