<?xml version="1.0" encoding="UTF-8"?>
<!-- Generated by org.testng.reporters.JUnitXMLReporter -->
<testsuite hostname="LAPTOP-E9DP2LG2" ignored="0" name="BasicTest2" tests="6" failures="0" timestamp="06 Jun 2019 02:02:30 GMT" time="0.018" errors="0">
  <testcase name="testOneFromBasic1" time="0.001" classname="com.class03.BasicXMLPartOne"/>
  <testcase name="testSecondFromBasic1" time="0.002" classname="com.class03.BasicXMLPartOne"/>
  <testcase name="testThirdFromBasic1" time="0.001" classname="com.class03.BasicXMLPartOne"/>
  <testcase name="testOneFromBasic2" time="0.001" classname="com.class03.BasicXMLPartTwo"/>
  <testcase name="testSecondFromBasic2" time="0.001" classname="com.class03.BasicXMLPartTwo"/>
  <testcase name="testThirdFromBasic2" time="0.001" classname="com.class03.BasicXMLPartTwo"/>
</testsuite> <!-- BasicTest2 -->
